(0) logp= -1.770867e+03
(1) logp= -1.706608e+03
(2) logp= -1.690047e+03
(3) logp= -1.682983e+03
(4) logp= -1.678279e+03
(5) logp= -1.673988e+03
(6) logp= -1.671315e+03
(7) logp= -1.669616e+03
(8) logp= -1.668637e+03
(9) logp= -1.667144e+03
(10) logp= -1.665655e+03
(11) logp= -1.664173e+03
(12) logp= -1.663457e+03
(13) logp= -1.662482e+03
(14) logp= -1.661985e+03
(15) logp= -1.661520e+03
(16) logp= -1.660905e+03
(17) logp= -1.660386e+03
(18) logp= -1.660124e+03
(19) logp= -1.659964e+03
(20) logp= -1.659764e+03
(21) logp= -1.659574e+03
(22) logp= -1.659481e+03
(23) logp= -1.659422e+03
(24) logp= -1.659338e+03
(25) logp= -1.659288e+03
(26) logp= -1.659274e+03
(27) logp= -1.659262e+03
(28) logp= -1.659248e+03
(29) logp= -1.659238e+03
(30) logp= -1.659228e+03
(31) logp= -1.659204e+03
(32) logp= -1.659124e+03
(33) logp= -1.659036e+03
(34) logp= -1.659022e+03
(35) logp= -1.659006e+03
(36) logp= -1.658978e+03
(37) logp= -1.658954e+03
(38) logp= -1.658948e+03
(39) logp= -1.658947e+03
(40) logp= -1.658945e+03
(41) logp= -1.658944e+03
(42) logp= -1.658942e+03
(43) logp= -1.658938e+03
(44) logp= -1.658933e+03
(45) logp= -1.658926e+03
(46) logp= -1.658915e+03
(47) logp= -1.658903e+03
(48) logp= -1.658893e+03
(49) logp= -1.658885e+03
(50) logp= -1.658881e+03
(51) logp= -1.658878e+03
(52) logp= -1.658877e+03
(53) logp= -1.658875e+03
(54) logp= -1.658875e+03
