(0) logp= -2.190649e+03
(1) logp= -2.107738e+03
(2) logp= -2.094481e+03
(3) logp= -2.086393e+03
(4) logp= -2.079660e+03
(5) logp= -2.069397e+03
(6) logp= -2.065122e+03
(7) logp= -2.062089e+03
(8) logp= -2.059913e+03
(9) logp= -2.058114e+03
(10) logp= -2.057475e+03
(11) logp= -2.056865e+03
(12) logp= -2.055767e+03
(13) logp= -2.054468e+03
(14) logp= -2.053730e+03
(15) logp= -2.052987e+03
(16) logp= -2.052411e+03
(17) logp= -2.052296e+03
(18) logp= -2.052199e+03
(19) logp= -2.052061e+03
(20) logp= -2.051822e+03
(21) logp= -2.051602e+03
(22) logp= -2.051504e+03
(23) logp= -2.051359e+03
(24) logp= -2.051096e+03
(25) logp= -2.050806e+03
(26) logp= -2.050482e+03
(27) logp= -2.050265e+03
(28) logp= -2.050191e+03
(29) logp= -2.050154e+03
(30) logp= -2.050117e+03
(31) logp= -2.050071e+03
(32) logp= -2.050018e+03
(33) logp= -2.049947e+03
(34) logp= -2.049790e+03
(35) logp= -2.049707e+03
(36) logp= -2.049649e+03
(37) logp= -2.049592e+03
(38) logp= -2.049568e+03
(39) logp= -2.049557e+03
(40) logp= -2.049550e+03
(41) logp= -2.049546e+03
(42) logp= -2.049544e+03
(43) logp= -2.049543e+03
