(0) logp= -1.915756e+03
(1) logp= -1.844344e+03
(2) logp= -1.835534e+03
(3) logp= -1.830844e+03
(4) logp= -1.826959e+03
(5) logp= -1.824185e+03
(6) logp= -1.822526e+03
(7) logp= -1.821393e+03
(8) logp= -1.820535e+03
(9) logp= -1.819629e+03
(10) logp= -1.818758e+03
(11) logp= -1.818239e+03
(12) logp= -1.817967e+03
(13) logp= -1.817736e+03
(14) logp= -1.817473e+03
(15) logp= -1.817216e+03
(16) logp= -1.816872e+03
(17) logp= -1.816251e+03
(18) logp= -1.815423e+03
(19) logp= -1.815013e+03
(20) logp= -1.814657e+03
(21) logp= -1.814481e+03
(22) logp= -1.814283e+03
(23) logp= -1.814172e+03
(24) logp= -1.814143e+03
(25) logp= -1.814129e+03
(26) logp= -1.814119e+03
(27) logp= -1.814112e+03
(28) logp= -1.814107e+03
(29) logp= -1.814102e+03
(30) logp= -1.814097e+03
(31) logp= -1.814092e+03
(32) logp= -1.814086e+03
(33) logp= -1.814079e+03
(34) logp= -1.814071e+03
(35) logp= -1.814061e+03
(36) logp= -1.814048e+03
(37) logp= -1.814026e+03
(38) logp= -1.813989e+03
(39) logp= -1.813920e+03
(40) logp= -1.813809e+03
(41) logp= -1.813691e+03
(42) logp= -1.813614e+03
(43) logp= -1.813577e+03
(44) logp= -1.813563e+03
(45) logp= -1.813558e+03
(46) logp= -1.813552e+03
(47) logp= -1.813542e+03
(48) logp= -1.813512e+03
(49) logp= -1.813461e+03
(50) logp= -1.813444e+03
(51) logp= -1.813442e+03
(52) logp= -1.813441e+03
