(0) logp= -2.003430e+03
(1) logp= -1.912501e+03
(2) logp= -1.891559e+03
(3) logp= -1.882530e+03
(4) logp= -1.877224e+03
(5) logp= -1.874786e+03
(6) logp= -1.872699e+03
(7) logp= -1.870859e+03
(8) logp= -1.869282e+03
(9) logp= -1.867805e+03
(10) logp= -1.866523e+03
(11) logp= -1.865364e+03
(12) logp= -1.864318e+03
(13) logp= -1.863744e+03
(14) logp= -1.863355e+03
(15) logp= -1.862933e+03
(16) logp= -1.862438e+03
(17) logp= -1.861837e+03
(18) logp= -1.861574e+03
(19) logp= -1.861260e+03
(20) logp= -1.860861e+03
(21) logp= -1.860491e+03
(22) logp= -1.860152e+03
(23) logp= -1.859856e+03
(24) logp= -1.859696e+03
(25) logp= -1.859544e+03
(26) logp= -1.859369e+03
(27) logp= -1.859020e+03
(28) logp= -1.858795e+03
(29) logp= -1.858607e+03
(30) logp= -1.858432e+03
(31) logp= -1.858277e+03
(32) logp= -1.858196e+03
(33) logp= -1.858152e+03
(34) logp= -1.858102e+03
(35) logp= -1.858058e+03
(36) logp= -1.858033e+03
(37) logp= -1.858013e+03
(38) logp= -1.857987e+03
(39) logp= -1.857952e+03
(40) logp= -1.857915e+03
(41) logp= -1.857874e+03
(42) logp= -1.857815e+03
(43) logp= -1.857721e+03
(44) logp= -1.857632e+03
(45) logp= -1.857579e+03
(46) logp= -1.857557e+03
(47) logp= -1.857543e+03
(48) logp= -1.857531e+03
(49) logp= -1.857521e+03
(50) logp= -1.857510e+03
(51) logp= -1.857495e+03
(52) logp= -1.857475e+03
(53) logp= -1.857437e+03
(54) logp= -1.857352e+03
(55) logp= -1.857289e+03
(56) logp= -1.857271e+03
(57) logp= -1.857262e+03
(58) logp= -1.857257e+03
(59) logp= -1.857255e+03
(60) logp= -1.857255e+03
