(0) logp= -2.272469e+03
(1) logp= -2.151346e+03
(2) logp= -2.131148e+03
(3) logp= -2.120333e+03
(4) logp= -2.111200e+03
(5) logp= -2.104954e+03
(6) logp= -2.102491e+03
(7) logp= -2.100267e+03
(8) logp= -2.096695e+03
(9) logp= -2.094745e+03
(10) logp= -2.093572e+03
(11) logp= -2.092713e+03
(12) logp= -2.091810e+03
(13) logp= -2.091380e+03
(14) logp= -2.090984e+03
(15) logp= -2.090416e+03
(16) logp= -2.089815e+03
(17) logp= -2.089251e+03
(18) logp= -2.088776e+03
(19) logp= -2.088390e+03
(20) logp= -2.087949e+03
(21) logp= -2.087871e+03
(22) logp= -2.087787e+03
(23) logp= -2.087625e+03
(24) logp= -2.087382e+03
(25) logp= -2.087211e+03
(26) logp= -2.087154e+03
(27) logp= -2.087114e+03
(28) logp= -2.087054e+03
(29) logp= -2.086899e+03
(30) logp= -2.086594e+03
(31) logp= -2.086500e+03
(32) logp= -2.086482e+03
(33) logp= -2.086476e+03
(34) logp= -2.086470e+03
(35) logp= -2.086465e+03
(36) logp= -2.086457e+03
(37) logp= -2.086445e+03
(38) logp= -2.086422e+03
(39) logp= -2.086376e+03
(40) logp= -2.086332e+03
(41) logp= -2.086312e+03
(42) logp= -2.086298e+03
(43) logp= -2.086289e+03
(44) logp= -2.086284e+03
(45) logp= -2.086281e+03
(46) logp= -2.086279e+03
(47) logp= -2.086276e+03
(48) logp= -2.086274e+03
(49) logp= -2.086271e+03
(50) logp= -2.086268e+03
(51) logp= -2.086266e+03
(52) logp= -2.086265e+03
(53) logp= -2.086264e+03
