(0) logp= -2.175407e+03
(1) logp= -2.065229e+03
(2) logp= -2.049282e+03
(3) logp= -2.042121e+03
(4) logp= -2.036520e+03
(5) logp= -2.032380e+03
(6) logp= -2.030091e+03
(7) logp= -2.028261e+03
(8) logp= -2.027608e+03
(9) logp= -2.027161e+03
(10) logp= -2.026636e+03
(11) logp= -2.026245e+03
(12) logp= -2.025939e+03
(13) logp= -2.025275e+03
(14) logp= -2.024371e+03
(15) logp= -2.023873e+03
(16) logp= -2.023711e+03
(17) logp= -2.023521e+03
(18) logp= -2.023366e+03
(19) logp= -2.023221e+03
(20) logp= -2.023064e+03
(21) logp= -2.022906e+03
(22) logp= -2.022827e+03
(23) logp= -2.022781e+03
(24) logp= -2.022747e+03
(25) logp= -2.022723e+03
(26) logp= -2.022704e+03
(27) logp= -2.022687e+03
(28) logp= -2.022673e+03
(29) logp= -2.022659e+03
(30) logp= -2.022641e+03
(31) logp= -2.022613e+03
(32) logp= -2.022553e+03
(33) logp= -2.022411e+03
(34) logp= -2.022182e+03
(35) logp= -2.022025e+03
(36) logp= -2.021970e+03
(37) logp= -2.021948e+03
(38) logp= -2.021922e+03
(39) logp= -2.021869e+03
(40) logp= -2.021768e+03
(41) logp= -2.021690e+03
(42) logp= -2.021641e+03
(43) logp= -2.021601e+03
(44) logp= -2.021571e+03
(45) logp= -2.021540e+03
(46) logp= -2.021507e+03
(47) logp= -2.021481e+03
(48) logp= -2.021456e+03
(49) logp= -2.021443e+03
(50) logp= -2.021438e+03
(51) logp= -2.021433e+03
(52) logp= -2.021427e+03
(53) logp= -2.021419e+03
(54) logp= -2.021410e+03
(55) logp= -2.021402e+03
(56) logp= -2.021395e+03
(57) logp= -2.021388e+03
(58) logp= -2.021381e+03
(59) logp= -2.021373e+03
(60) logp= -2.021364e+03
(61) logp= -2.021351e+03
(62) logp= -2.021332e+03
(63) logp= -2.021306e+03
(64) logp= -2.021247e+03
(65) logp= -2.021157e+03
(66) logp= -2.021138e+03
(67) logp= -2.021121e+03
(68) logp= -2.021090e+03
(69) logp= -2.021062e+03
(70) logp= -2.021047e+03
(71) logp= -2.021018e+03
(72) logp= -2.020934e+03
(73) logp= -2.020860e+03
(74) logp= -2.020841e+03
(75) logp= -2.020798e+03
(76) logp= -2.020708e+03
(77) logp= -2.020671e+03
(78) logp= -2.020664e+03
(79) logp= -2.020658e+03
(80) logp= -2.020651e+03
(81) logp= -2.020643e+03
(82) logp= -2.020635e+03
(83) logp= -2.020628e+03
(84) logp= -2.020625e+03
(85) logp= -2.020623e+03
(86) logp= -2.020622e+03
