(0) logp= -1.854067e+03
(1) logp= -1.773778e+03
(2) logp= -1.759153e+03
(3) logp= -1.755145e+03
(4) logp= -1.750983e+03
(5) logp= -1.748374e+03
(6) logp= -1.746199e+03
(7) logp= -1.744783e+03
(8) logp= -1.743994e+03
(9) logp= -1.743264e+03
(10) logp= -1.742625e+03
(11) logp= -1.741999e+03
(12) logp= -1.740541e+03
(13) logp= -1.739158e+03
(14) logp= -1.737402e+03
(15) logp= -1.735681e+03
(16) logp= -1.735345e+03
(17) logp= -1.735206e+03
(18) logp= -1.735115e+03
(19) logp= -1.735049e+03
(20) logp= -1.734981e+03
(21) logp= -1.734901e+03
(22) logp= -1.734840e+03
(23) logp= -1.734807e+03
(24) logp= -1.734779e+03
(25) logp= -1.734732e+03
(26) logp= -1.734675e+03
(27) logp= -1.734624e+03
(28) logp= -1.734541e+03
(29) logp= -1.734339e+03
(30) logp= -1.734199e+03
(31) logp= -1.734159e+03
(32) logp= -1.734112e+03
(33) logp= -1.734069e+03
(34) logp= -1.734025e+03
(35) logp= -1.733951e+03
(36) logp= -1.733740e+03
(37) logp= -1.733605e+03
(38) logp= -1.733486e+03
(39) logp= -1.733411e+03
(40) logp= -1.733352e+03
(41) logp= -1.733323e+03
(42) logp= -1.733307e+03
(43) logp= -1.733293e+03
(44) logp= -1.733280e+03
(45) logp= -1.733271e+03
(46) logp= -1.733265e+03
(47) logp= -1.733260e+03
(48) logp= -1.733250e+03
(49) logp= -1.733223e+03
(50) logp= -1.733160e+03
(51) logp= -1.733126e+03
(52) logp= -1.733124e+03
(53) logp= -1.733123e+03
