(0) logp= -1.765154e+03
(1) logp= -1.683468e+03
(2) logp= -1.670724e+03
(3) logp= -1.665279e+03
(4) logp= -1.661994e+03
(5) logp= -1.659554e+03
(6) logp= -1.657827e+03
(7) logp= -1.656571e+03
(8) logp= -1.655468e+03
(9) logp= -1.654349e+03
(10) logp= -1.652758e+03
(11) logp= -1.652313e+03
(12) logp= -1.651848e+03
(13) logp= -1.650985e+03
(14) logp= -1.649957e+03
(15) logp= -1.649427e+03
(16) logp= -1.648985e+03
(17) logp= -1.648501e+03
(18) logp= -1.648279e+03
(19) logp= -1.648062e+03
(20) logp= -1.647758e+03
(21) logp= -1.647564e+03
(22) logp= -1.647422e+03
(23) logp= -1.647230e+03
(24) logp= -1.646864e+03
(25) logp= -1.646366e+03
(26) logp= -1.645606e+03
(27) logp= -1.645053e+03
(28) logp= -1.644439e+03
(29) logp= -1.644236e+03
(30) logp= -1.644167e+03
(31) logp= -1.644104e+03
(32) logp= -1.644035e+03
(33) logp= -1.643953e+03
(34) logp= -1.643868e+03
(35) logp= -1.643812e+03
(36) logp= -1.643759e+03
(37) logp= -1.643695e+03
(38) logp= -1.643583e+03
(39) logp= -1.643337e+03
(40) logp= -1.643205e+03
(41) logp= -1.643138e+03
(42) logp= -1.643087e+03
(43) logp= -1.643043e+03
(44) logp= -1.642991e+03
(45) logp= -1.642934e+03
(46) logp= -1.642891e+03
(47) logp= -1.642858e+03
(48) logp= -1.642827e+03
(49) logp= -1.642797e+03
(50) logp= -1.642760e+03
(51) logp= -1.642699e+03
(52) logp= -1.642604e+03
(53) logp= -1.642460e+03
(54) logp= -1.642263e+03
(55) logp= -1.642212e+03
(56) logp= -1.642195e+03
(57) logp= -1.642182e+03
(58) logp= -1.642166e+03
(59) logp= -1.642151e+03
(60) logp= -1.642138e+03
(61) logp= -1.642130e+03
(62) logp= -1.642113e+03
(63) logp= -1.642045e+03
(64) logp= -1.641885e+03
(65) logp= -1.641850e+03
(66) logp= -1.641835e+03
(67) logp= -1.641827e+03
(68) logp= -1.641822e+03
(69) logp= -1.641814e+03
(70) logp= -1.641801e+03
(71) logp= -1.641781e+03
(72) logp= -1.641764e+03
(73) logp= -1.641760e+03
(74) logp= -1.641760e+03
