(0) logp= -1.990408e+03
(1) logp= -1.904083e+03
(2) logp= -1.882390e+03
(3) logp= -1.867998e+03
(4) logp= -1.858844e+03
(5) logp= -1.851005e+03
(6) logp= -1.843891e+03
(7) logp= -1.840821e+03
(8) logp= -1.838979e+03
(9) logp= -1.836847e+03
(10) logp= -1.834990e+03
(11) logp= -1.833945e+03
(12) logp= -1.832992e+03
(13) logp= -1.832308e+03
(14) logp= -1.831945e+03
(15) logp= -1.831685e+03
(16) logp= -1.831457e+03
(17) logp= -1.831293e+03
(18) logp= -1.831199e+03
(19) logp= -1.831036e+03
(20) logp= -1.830654e+03
(21) logp= -1.830450e+03
(22) logp= -1.830381e+03
(23) logp= -1.830319e+03
(24) logp= -1.830192e+03
(25) logp= -1.830010e+03
(26) logp= -1.829951e+03
(27) logp= -1.829923e+03
(28) logp= -1.829879e+03
(29) logp= -1.829741e+03
(30) logp= -1.829615e+03
(31) logp= -1.829519e+03
(32) logp= -1.829124e+03
(33) logp= -1.829026e+03
(34) logp= -1.829022e+03
(35) logp= -1.829016e+03
(36) logp= -1.829009e+03
(37) logp= -1.829003e+03
(38) logp= -1.828989e+03
(39) logp= -1.828893e+03
(40) logp= -1.828625e+03
(41) logp= -1.828522e+03
(42) logp= -1.828274e+03
(43) logp= -1.828109e+03
(44) logp= -1.828010e+03
(45) logp= -1.827983e+03
(46) logp= -1.827964e+03
(47) logp= -1.827915e+03
(48) logp= -1.827837e+03
(49) logp= -1.827773e+03
(50) logp= -1.827752e+03
(51) logp= -1.827746e+03
(52) logp= -1.827742e+03
(53) logp= -1.827738e+03
(54) logp= -1.827732e+03
(55) logp= -1.827722e+03
(56) logp= -1.827710e+03
(57) logp= -1.827699e+03
(58) logp= -1.827692e+03
(59) logp= -1.827686e+03
(60) logp= -1.827678e+03
(61) logp= -1.827668e+03
(62) logp= -1.827655e+03
(63) logp= -1.827648e+03
(64) logp= -1.827644e+03
(65) logp= -1.827638e+03
(66) logp= -1.827628e+03
(67) logp= -1.827613e+03
(68) logp= -1.827603e+03
(69) logp= -1.827600e+03
(70) logp= -1.827599e+03
