(0) logp= -1.991180e+03
(1) logp= -1.914323e+03
(2) logp= -1.897497e+03
(3) logp= -1.890382e+03
(4) logp= -1.885125e+03
(5) logp= -1.881046e+03
(6) logp= -1.879613e+03
(7) logp= -1.878204e+03
(8) logp= -1.874802e+03
(9) logp= -1.871012e+03
(10) logp= -1.869563e+03
(11) logp= -1.867645e+03
(12) logp= -1.866062e+03
(13) logp= -1.865357e+03
(14) logp= -1.864915e+03
(15) logp= -1.864469e+03
(16) logp= -1.864199e+03
(17) logp= -1.863841e+03
(18) logp= -1.863502e+03
(19) logp= -1.863245e+03
(20) logp= -1.862995e+03
(21) logp= -1.862882e+03
(22) logp= -1.862841e+03
(23) logp= -1.862822e+03
(24) logp= -1.862803e+03
(25) logp= -1.862764e+03
(26) logp= -1.862688e+03
(27) logp= -1.862595e+03
(28) logp= -1.862511e+03
(29) logp= -1.862478e+03
(30) logp= -1.862465e+03
(31) logp= -1.862453e+03
(32) logp= -1.862429e+03
(33) logp= -1.862374e+03
(34) logp= -1.862250e+03
(35) logp= -1.861305e+03
(36) logp= -1.860747e+03
(37) logp= -1.860538e+03
(38) logp= -1.860152e+03
(39) logp= -1.859631e+03
(40) logp= -1.859411e+03
(41) logp= -1.859338e+03
(42) logp= -1.859229e+03
(43) logp= -1.859029e+03
(44) logp= -1.858782e+03
(45) logp= -1.858653e+03
(46) logp= -1.858541e+03
(47) logp= -1.858379e+03
(48) logp= -1.858222e+03
(49) logp= -1.858168e+03
(50) logp= -1.858129e+03
(51) logp= -1.858091e+03
(52) logp= -1.858059e+03
(53) logp= -1.858040e+03
(54) logp= -1.858033e+03
(55) logp= -1.858030e+03
(56) logp= -1.858029e+03
