(0) logp= -2.017268e+03
(1) logp= -1.944143e+03
(2) logp= -1.931170e+03
(3) logp= -1.923108e+03
(4) logp= -1.919039e+03
(5) logp= -1.917442e+03
(6) logp= -1.915541e+03
(7) logp= -1.913247e+03
(8) logp= -1.910610e+03
(9) logp= -1.907842e+03
(10) logp= -1.907240e+03
(11) logp= -1.906818e+03
(12) logp= -1.906206e+03
(13) logp= -1.905402e+03
(14) logp= -1.905000e+03
(15) logp= -1.904589e+03
(16) logp= -1.904125e+03
(17) logp= -1.903714e+03
(18) logp= -1.903320e+03
(19) logp= -1.903113e+03
(20) logp= -1.903037e+03
(21) logp= -1.903012e+03
(22) logp= -1.902996e+03
(23) logp= -1.902976e+03
(24) logp= -1.902950e+03
(25) logp= -1.902924e+03
(26) logp= -1.902901e+03
(27) logp= -1.902863e+03
(28) logp= -1.902756e+03
(29) logp= -1.902652e+03
(30) logp= -1.902625e+03
(31) logp= -1.902602e+03
(32) logp= -1.902569e+03
(33) logp= -1.902513e+03
(34) logp= -1.902419e+03
(35) logp= -1.902283e+03
(36) logp= -1.902127e+03
(37) logp= -1.901996e+03
(38) logp= -1.901854e+03
(39) logp= -1.901606e+03
(40) logp= -1.901221e+03
(41) logp= -1.900606e+03
(42) logp= -1.899110e+03
(43) logp= -1.898747e+03
(44) logp= -1.898406e+03
(45) logp= -1.897998e+03
(46) logp= -1.897585e+03
(47) logp= -1.897415e+03
(48) logp= -1.897273e+03
(49) logp= -1.897165e+03
(50) logp= -1.897066e+03
(51) logp= -1.896976e+03
(52) logp= -1.896915e+03
(53) logp= -1.896838e+03
(54) logp= -1.896790e+03
(55) logp= -1.896779e+03
(56) logp= -1.896767e+03
(57) logp= -1.896726e+03
(58) logp= -1.896629e+03
(59) logp= -1.896600e+03
(60) logp= -1.896593e+03
(61) logp= -1.896589e+03
(62) logp= -1.896587e+03
(63) logp= -1.896586e+03
