(0) logp= -1.747787e+03
(1) logp= -1.674704e+03
(2) logp= -1.663501e+03
(3) logp= -1.656310e+03
(4) logp= -1.651938e+03
(5) logp= -1.649617e+03
(6) logp= -1.647541e+03
(7) logp= -1.645380e+03
(8) logp= -1.644512e+03
(9) logp= -1.644177e+03
(10) logp= -1.643896e+03
(11) logp= -1.643612e+03
(12) logp= -1.643414e+03
(13) logp= -1.643181e+03
(14) logp= -1.642737e+03
(15) logp= -1.642143e+03
(16) logp= -1.641567e+03
(17) logp= -1.640800e+03
(18) logp= -1.640579e+03
(19) logp= -1.640233e+03
(20) logp= -1.640037e+03
(21) logp= -1.639970e+03
(22) logp= -1.639867e+03
(23) logp= -1.639709e+03
(24) logp= -1.639470e+03
(25) logp= -1.639279e+03
(26) logp= -1.639192e+03
(27) logp= -1.639100e+03
(28) logp= -1.638935e+03
(29) logp= -1.638750e+03
(30) logp= -1.638594e+03
(31) logp= -1.638470e+03
(32) logp= -1.638361e+03
(33) logp= -1.638262e+03
(34) logp= -1.638213e+03
(35) logp= -1.638179e+03
(36) logp= -1.638125e+03
(37) logp= -1.637943e+03
(38) logp= -1.637628e+03
(39) logp= -1.637564e+03
(40) logp= -1.637545e+03
(41) logp= -1.637537e+03
(42) logp= -1.637534e+03
(43) logp= -1.637532e+03
(44) logp= -1.637532e+03
