0 9.332636e-302 5.000000e-01 5.000000e-01 5.000000e-01 5.000000e-01 5.000000e-01 5.000000e-01 5.000000e-01 5.000000e-01
1 1.061188e-301 5.000000e-01 5.000000e-01 5.000000e-01 5.000000e-01 5.090000e-01 4.910000e-01 5.080160e-01 4.919840e-01
2 1.062213e-301 4.999984e-01 5.000016e-01 4.999996e-01 5.000004e-01 5.094910e-01 4.905090e-01 5.075240e-01 4.924760e-01
3 1.063238e-301 4.999950e-01 5.000050e-01 4.999991e-01 5.000009e-01 5.099816e-01 4.900184e-01 5.070325e-01 4.929675e-01
4 1.064262e-301 4.999895e-01 5.000105e-01 4.999987e-01 5.000013e-01 5.104717e-01 4.895283e-01 5.065415e-01 4.934585e-01
5 1.065285e-301 4.999817e-01 5.000183e-01 4.999986e-01 5.000014e-01 5.109613e-01 4.890387e-01 5.060509e-01 4.939491e-01
6 1.066308e-301 4.999715e-01 5.000285e-01 4.999991e-01 5.000009e-01 5.114505e-01 4.885495e-01 5.055608e-01 4.944392e-01
7 1.067329e-301 4.999584e-01 5.000416e-01 5.000004e-01 4.999996e-01 5.119392e-01 4.880608e-01 5.050711e-01 4.949289e-01
8 1.068351e-301 4.999425e-01 5.000575e-01 5.000026e-01 4.999974e-01 5.124276e-01 4.875724e-01 5.045819e-01 4.954181e-01
9 1.069372e-301 4.999233e-01 5.000767e-01 5.000062e-01 4.999938e-01 5.129156e-01 4.870844e-01 5.040932e-01 4.959068e-01
10 1.070393e-301 4.999008e-01 5.000992e-01 5.000112e-01 4.999888e-01 5.134031e-01 4.865969e-01 5.036048e-01 4.963952e-01
11 1.071414e-301 4.998746e-01 5.001254e-01 5.000178e-01 4.999822e-01 5.138904e-01 4.861096e-01 5.031169e-01 4.968831e-01
12 1.072437e-301 4.998446e-01 5.001555e-01 5.000265e-01 4.999735e-01 5.143773e-01 4.856227e-01 5.026293e-01 4.973707e-01
13 1.073460e-301 4.998104e-01 5.001896e-01 5.000372e-01 4.999628e-01 5.148640e-01 4.851360e-01 5.021420e-01 4.978580e-01
14 1.074485e-301 4.997720e-01 5.002280e-01 5.000504e-01 4.999496e-01 5.153505e-01 4.846495e-01 5.016551e-01 4.983449e-01
15 1.075513e-301 4.997291e-01 5.002710e-01 5.000661e-01 4.999338e-01 5.158368e-01 4.841632e-01 5.011684e-01 4.988316e-01
16 1.076543e-301 4.996814e-01 5.003187e-01 5.000847e-01 4.999152e-01 5.163229e-01 4.836771e-01 5.006819e-01 4.993181e-01
17 1.077577e-301 4.996287e-01 5.003714e-01 5.001064e-01 4.998936e-01 5.168090e-01 4.831910e-01 5.001955e-01 4.998045e-01
18 1.078616e-301 4.995708e-01 5.004293e-01 5.001314e-01 4.998686e-01 5.172952e-01 4.827048e-01 4.997092e-01 5.002908e-01
19 1.079661e-301 4.995075e-01 5.004926e-01 5.001598e-01 4.998401e-01 5.177814e-01 4.822186e-01 4.992229e-01 5.007771e-01
20 1.080712e-301 4.994385e-01 5.005617e-01 5.001921e-01 4.998079e-01 5.182678e-01 4.817322e-01 4.987365e-01 5.012635e-01
21 1.081771e-301 4.993637e-01 5.006366e-01 5.002283e-01 4.997717e-01 5.187544e-01 4.812456e-01 4.982500e-01 5.017500e-01
22 1.082839e-301 4.992827e-01 5.007176e-01 5.002687e-01 4.997313e-01 5.192415e-01 4.807585e-01 4.977632e-01 5.022368e-01
23 1.083918e-301 4.991954e-01 5.008050e-01 5.003135e-01 4.996864e-01 5.197290e-01 4.802710e-01 4.972760e-01 5.027240e-01
24 1.085009e-301 4.991014e-01 5.008990e-01 5.003631e-01 4.996368e-01 5.202172e-01 4.797828e-01 4.967884e-01 5.032116e-01
25 1.086115e-301 4.990007e-01 5.009998e-01 5.004176e-01 4.995823e-01 5.207061e-01 4.792939e-01 4.963001e-01 5.036999e-01
26 1.087236e-301 4.988929e-01 5.011078e-01 5.004772e-01 4.995227e-01 5.211959e-01 4.788041e-01 4.958111e-01 5.041889e-01
27 1.088375e-301 4.987777e-01 5.012230e-01 5.005422e-01 4.994576e-01 5.216867e-01 4.783133e-01 4.953212e-01 5.046788e-01
28 1.089534e-301 4.986550e-01 5.013459e-01 5.006129e-01 4.993869e-01 5.221788e-01 4.778212e-01 4.948302e-01 5.051698e-01
29 1.090717e-301 4.985245e-01 5.014766e-01 5.006895e-01 4.993102e-01 5.226722e-01 4.773278e-01 4.943379e-01 5.056621e-01
30 1.091924e-301 4.983858e-01 5.016154e-01 5.007723e-01 4.992274e-01 5.231673e-01 4.768327e-01 4.938442e-01 5.061558e-01
31 1.093160e-301 4.982388e-01 5.017627e-01 5.008615e-01 4.991381e-01 5.236641e-01 4.763359e-01 4.933489e-01 5.066511e-01
32 1.094428e-301 4.980832e-01 5.019185e-01 5.009574e-01 4.990422e-01 5.241630e-01 4.758370e-01 4.928517e-01 5.071483e-01
33 1.095730e-301 4.979187e-01 5.020834e-01 5.010603e-01 4.989392e-01 5.246641e-01 4.753359e-01 4.923525e-01 5.076475e-01
34 1.097071e-301 4.977449e-01 5.022575e-01 5.011704e-01 4.988290e-01 5.251677e-01 4.748323e-01 4.918509e-01 5.081491e-01
35 1.098455e-301 4.975616e-01 5.024411e-01 5.012881e-01 4.987112e-01 5.256742e-01 4.743258e-01 4.913467e-01 5.086533e-01
36 1.099886e-301 4.973685e-01 5.026346e-01 5.014137e-01 4.985856e-01 5.261837e-01 4.738163e-01 4.908396e-01 5.091604e-01
37 1.101369e-301 4.971653e-01 5.028383e-01 5.015474e-01 4.984517e-01 5.266966e-01 4.733034e-01 4.903294e-01 5.096706e-01
38 1.102909e-301 4.969516e-01 5.030526e-01 5.016896e-01 4.983094e-01 5.272133e-01 4.727867e-01 4.898156e-01 5.101844e-01
39 1.104512e-301 4.967270e-01 5.032777e-01 5.018406e-01 4.981582e-01 5.277340e-01 4.722660e-01 4.892979e-01 5.107021e-01
40 1.106184e-301 4.964912e-01 5.035141e-01 5.020008e-01 4.979979e-01 5.282592e-01 4.717408e-01 4.887760e-01 5.112240e-01
41 1.107932e-301 4.962439e-01 5.037622e-01 5.021706e-01 4.978280e-01 5.287893e-01 4.712107e-01 4.882495e-01 5.117505e-01
42 1.109763e-301 4.959845e-01 5.040223e-01 5.023503e-01 4.976482e-01 5.293247e-01 4.706753e-01 4.877179e-01 5.122821e-01
43 1.111686e-301 4.957128e-01 5.042949e-01 5.025402e-01 4.974580e-01 5.298658e-01 4.701342e-01 4.871809e-01 5.128191e-01
44 1.113709e-301 4.954282e-01 5.045804e-01 5.027410e-01 4.972570e-01 5.304132e-01 4.695868e-01 4.866378e-01 5.133622e-01
45 1.115843e-301 4.951303e-01 5.048794e-01 5.029529e-01 4.970449e-01 5.309673e-01 4.690327e-01 4.860883e-01 5.139117e-01
46 1.118097e-301 4.948186e-01 5.051923e-01 5.031765e-01 4.968211e-01 5.315288e-01 4.684712e-01 4.855318e-01 5.144682e-01
47 1.120485e-301 4.944926e-01 5.055196e-01 5.034122e-01 4.965851e-01 5.320981e-01 4.679019e-01 4.849676e-01 5.150324e-01
48 1.123018e-301 4.941517e-01 5.058619e-01 5.036605e-01 4.963365e-01 5.326761e-01 4.673239e-01 4.843952e-01 5.156048e-01
49 1.125713e-301 4.937953e-01 5.062198e-01 5.039221e-01 4.960746e-01 5.332632e-01 4.667368e-01 4.838138e-01 5.161862e-01
50 1.128584e-301 4.934228e-01 5.065940e-01 5.041975e-01 4.957988e-01 5.338603e-01 4.661397e-01 4.832229e-01 5.167771e-01
51 1.131650e-301 4.930336e-01 5.069851e-01 5.044874e-01 4.955086e-01 5.344682e-01 4.655318e-01 4.826216e-01 5.173784e-01
52 1.134932e-301 4.926269e-01 5.073939e-01 5.047923e-01 4.952033e-01 5.350877e-01 4.649123e-01 4.820090e-01 5.179910e-01
53 1.138452e-301 4.922019e-01 5.078211e-01 5.051131e-01 4.948821e-01 5.357196e-01 4.642804e-01 4.813844e-01 5.186156e-01
54 1.142234e-301 4.917579e-01 5.082675e-01 5.054505e-01 4.945444e-01 5.363650e-01 4.636350e-01 4.807467e-01 5.192533e-01
55 1.146308e-301 4.912940e-01 5.087341e-01 5.058053e-01 4.941891e-01 5.370249e-01 4.629751e-01 4.800950e-01 5.199050e-01
56 1.150706e-301 4.908092e-01 5.092219e-01 5.061785e-01 4.938155e-01 5.377005e-01 4.622995e-01 4.794281e-01 5.205719e-01
57 1.155463e-301 4.903025e-01 5.097318e-01 5.065709e-01 4.934227e-01 5.383928e-01 4.616072e-01 4.787449e-01 5.212551e-01
58 1.160622e-301 4.897728e-01 5.102650e-01 5.069836e-01 4.930095e-01 5.391033e-01 4.608967e-01 4.780441e-01 5.219559e-01
59 1.166230e-301 4.892190e-01 5.108228e-01 5.074177e-01 4.925749e-01 5.398333e-01 4.601667e-01 4.773242e-01 5.226758e-01
60 1.172339e-301 4.886396e-01 5.114063e-01 5.078746e-01 4.921176e-01 5.405844e-01 4.594156e-01 4.765838e-01 5.234162e-01
61 1.179012e-301 4.880334e-01 5.120172e-01 5.083554e-01 4.916363e-01 5.413583e-01 4.586417e-01 4.758213e-01 5.241787e-01
62 1.186320e-301 4.873988e-01 5.126569e-01 5.088616e-01 4.911296e-01 5.421568e-01 4.578432e-01 4.750349e-01 5.249651e-01
63 1.194346e-301 4.867342e-01 5.133271e-01 5.093948e-01 4.905959e-01 5.429818e-01 4.570182e-01 4.742226e-01 5.257774e-01
64 1.203184e-301 4.860377e-01 5.140298e-01 5.099568e-01 4.900335e-01 5.438356e-01 4.561644e-01 4.733823e-01 5.266177e-01
65 1.212947e-301 4.853073e-01 5.147669e-01 5.105494e-01 4.894405e-01 5.447204e-01 4.552796e-01 4.725117e-01 5.274883e-01
66 1.223767e-301 4.845408e-01 5.155407e-01 5.111747e-01 4.888148e-01 5.456390e-01 4.543610e-01 4.716083e-01 5.283917e-01
67 1.235797e-301 4.837359e-01 5.163538e-01 5.118351e-01 4.881542e-01 5.465941e-01 4.534059e-01 4.706692e-01 5.293308e-01
68 1.249223e-301 4.828899e-01 5.172088e-01 5.125330e-01 4.874562e-01 5.475890e-01 4.524110e-01 4.696914e-01 5.303086e-01
69 1.264263e-301 4.819999e-01 5.181088e-01 5.132713e-01 4.867178e-01 5.486270e-01 4.513730e-01 4.686715e-01 5.313285e-01
70 1.281183e-301 4.810625e-01 5.190572e-01 5.140531e-01 4.859362e-01 5.497121e-01 4.502879e-01 4.676057e-01 5.323943e-01
71 1.300302e-301 4.800742e-01 5.200577e-01 5.148820e-01 4.851077e-01 5.508486e-01 4.491514e-01 4.664898e-01 5.335102e-01
72 1.322012e-301 4.790310e-01 5.211145e-01 5.157618e-01 4.842286e-01 5.520412e-01 4.479588e-01 4.653190e-01 5.346810e-01
73 1.346793e-301 4.779282e-01 5.222324e-01 5.166969e-01 4.832944e-01 5.532953e-01 4.467047e-01 4.640883e-01 5.359117e-01
74 1.375245e-301 4.767609e-01 5.234166e-01 5.176923e-01 4.823005e-01 5.546169e-01 4.453831e-01 4.627917e-01 5.372083e-01
75 1.408119e-301 4.755232e-01 5.246731e-01 5.187537e-01 4.812411e-01 5.560129e-01 4.439871e-01 4.614225e-01 5.385775e-01
76 1.446368e-301 4.742087e-01 5.260088e-01 5.198873e-01 4.801102e-01 5.574907e-01 4.425093e-01 4.599734e-01 5.400266e-01
77 1.491221e-301 4.728101e-01 5.274314e-01 5.211005e-01 4.789006e-01 5.590591e-01 4.409409e-01 4.584359e-01 5.415641e-01
78 1.544277e-301 4.713189e-01 5.289496e-01 5.224015e-01 4.776042e-01 5.607280e-01 4.392720e-01 4.568003e-01 5.431997e-01
79 1.607652e-301 4.697255e-01 5.305738e-01 5.238000e-01 4.762118e-01 5.625087e-01 4.374913e-01 4.550555e-01 5.449445e-01
80 1.684198e-301 4.680187e-01 5.323156e-01 5.253070e-01 4.747126e-01 5.644141e-01 4.355859e-01 4.531890e-01 5.468110e-01
81 1.777828e-301 4.661859e-01 5.341888e-01 5.269355e-01 4.730940e-01 5.664592e-01 4.335408e-01 4.511860e-01 5.488140e-01
82 1.894035e-301 4.642119e-01 5.362091e-01 5.287004e-01 4.713417e-01 5.686614e-01 4.313386e-01 4.490296e-01 5.509704e-01
83 2.040721e-301 4.620794e-01 5.383955e-01 5.306197e-01 4.694386e-01 5.710410e-01 4.289590e-01 4.467000e-01 5.533000e-01
84 2.229587e-301 4.597678e-01 5.407702e-01 5.327144e-01 4.673646e-01 5.736219e-01 4.263781e-01 4.441738e-01 5.558262e-01
85 2.478541e-301 4.572525e-01 5.433595e-01 5.350098e-01 4.650958e-01 5.764321e-01 4.235679e-01 4.414235e-01 5.585765e-01
86 2.816073e-301 4.545044e-01 5.461955e-01 5.375362e-01 4.626034e-01 5.795050e-01 4.204950e-01 4.384164e-01 5.615836e-01
87 3.289619e-301 4.514885e-01 5.493166e-01 5.403306e-01 4.598531e-01 5.828808e-01 4.171192e-01 4.351134e-01 5.648866e-01
88 3.982561e-301 4.481621e-01 5.527702e-01 5.434382e-01 4.568028e-01 5.866077e-01 4.133923e-01 4.314672e-01 5.685328e-01
89 5.051354e-301 4.444730e-01 5.566148e-01 5.469152e-01 4.534007e-01 5.907443e-01 4.092557e-01 4.274204e-01 5.725796e-01
90 6.813947e-301 4.403568e-01 5.609233e-01 5.508318e-01 4.495830e-01 5.953625e-01 4.046375e-01 4.229025e-01 5.770975e-01
91 9.983769e-301 4.357331e-01 5.657883e-01 5.552773e-01 4.452696e-01 6.005510e-01 3.994490e-01 4.178264e-01 5.821736e-01
92 1.637546e-300 4.305006e-01 5.713279e-01 5.603660e-01 4.403591e-01 6.064200e-01 3.935800e-01 4.120839e-01 5.879161e-01
93 3.141747e-300 4.245306e-01 5.776956e-01 5.662468e-01 4.347223e-01 6.131079e-01 3.868921e-01 4.055389e-01 5.944611e-01
94 7.525394e-300 4.176577e-01 5.850931e-01 5.731159e-01 4.281921e-01 6.207889e-01 3.792111e-01 3.980195e-01 6.019805e-01
95 2.483235e-299 4.096681e-01 5.937887e-01 5.812354e-01 4.205517e-01 6.296830e-01 3.703170e-01 3.893085e-01 6.106915e-01
96 1.312831e-298 4.002842e-01 6.041435e-01 5.909591e-01 4.115175e-01 6.400670e-01 3.599330e-01 3.791313e-01 6.208687e-01
97 1.404616e-297 3.891480e-01 6.166452e-01 6.027677e-01 4.007207e-01 6.522830e-01 3.477170e-01 3.671473e-01 6.328527e-01
98 4.355711e-296 3.758067e-01 6.319482e-01 6.173088e-01 3.876903e-01 6.667353e-01 3.332647e-01 3.529504e-01 6.470496e-01
99 6.656788e-294 3.597208e-01 6.508974e-01 6.354261e-01 3.718556e-01 6.838525e-01 3.161475e-01 3.361043e-01 6.638957e-01
100 1.005082e-290 3.403367e-01 6.744688e-01 6.581071e-01 3.526144e-01 7.039608e-01 2.960392e-01 3.162631e-01 6.837369e-01
101 2.777682e-286 3.173171e-01 7.034320e-01 6.861623e-01 3.295604e-01 7.269809e-01 2.730191e-01 2.934681e-01 7.065319e-01
102 1.043512e-280 2.910358e-01 7.373644e-01 7.192657e-01 3.029918e-01 7.518897e-01 2.481103e-01 2.686847e-01 7.313153e-01
103 3.755380e-275 2.632248e-01 7.728819e-01 7.542093e-01 2.746042e-01 7.762205e-01 2.237795e-01 2.443238e-01 7.556762e-01
104 7.551914e-272 2.370353e-01 8.029092e-01 7.841559e-01 2.476086e-01 7.965259e-01 2.034741e-01 2.238241e-01 7.761759e-01
105 2.466593e-272 2.156852e-01 8.209283e-01 8.027931e-01 2.253618e-01 8.103345e-01 1.896655e-01 2.097137e-01 7.902863e-01
