0 9.332636e-302 5.000000e-01 5.000000e-01 5.000000e-01 5.000000e-01 5.000000e-01 5.000000e-01 5.000000e-01 5.000000e-01
1 1.145555e-299 5.000000e-01 5.000000e-01 5.000000e-01 5.000000e-01 5.490000e-01 4.510000e-01 5.480962e-01 4.519038e-01
2 1.146496e-299 4.999996e-01 5.000004e-01 5.000004e-01 4.999996e-01 5.494511e-01 4.505489e-01 5.476442e-01 4.523558e-01
3 1.147437e-299 4.999988e-01 5.000012e-01 5.000012e-01 4.999988e-01 5.499018e-01 4.500982e-01 5.471926e-01 4.528074e-01
4 1.148377e-299 4.999979e-01 5.000021e-01 5.000021e-01 4.999979e-01 5.503521e-01 4.496479e-01 5.467414e-01 4.532586e-01
5 1.149316e-299 4.999969e-01 5.000031e-01 5.000031e-01 4.999969e-01 5.508021e-01 4.491979e-01 5.462905e-01 4.537095e-01
6 1.150254e-299 4.999960e-01 5.000040e-01 5.000041e-01 4.999959e-01 5.512517e-01 4.487483e-01 5.458400e-01 4.541600e-01
7 1.151191e-299 4.999952e-01 5.000048e-01 5.000049e-01 4.999951e-01 5.517009e-01 4.482991e-01 5.453899e-01 4.546101e-01
8 1.152128e-299 4.999948e-01 5.000052e-01 5.000053e-01 4.999947e-01 5.521498e-01 4.478502e-01 5.449401e-01 4.550599e-01
9 1.153063e-299 4.999948e-01 5.000052e-01 5.000053e-01 4.999947e-01 5.525983e-01 4.474017e-01 5.444908e-01 4.555092e-01
10 1.153998e-299 4.999954e-01 5.000046e-01 5.000048e-01 4.999952e-01 5.530464e-01 4.469536e-01 5.440418e-01 4.559582e-01
11 1.154933e-299 4.999967e-01 5.000033e-01 5.000036e-01 4.999964e-01 5.534941e-01 4.465059e-01 5.435931e-01 4.564069e-01
12 1.155866e-299 4.999988e-01 5.000012e-01 5.000016e-01 4.999984e-01 5.539415e-01 4.460585e-01 5.431449e-01 4.568551e-01
13 1.156799e-299 5.000018e-01 4.999982e-01 4.999987e-01 5.000013e-01 5.543885e-01 4.456115e-01 5.426970e-01 4.573030e-01
14 1.157731e-299 5.000059e-01 4.999941e-01 4.999948e-01 5.000052e-01 5.548351e-01 4.451649e-01 5.422495e-01 4.577505e-01
15 1.158663e-299 5.000111e-01 4.999889e-01 4.999897e-01 5.000103e-01 5.552814e-01 4.447186e-01 5.418023e-01 4.581977e-01
16 1.159594e-299 5.000177e-01 4.999823e-01 4.999833e-01 5.000167e-01 5.557274e-01 4.442726e-01 5.413555e-01 4.586445e-01
17 1.160524e-299 5.000257e-01 4.999743e-01 4.999755e-01 5.000245e-01 5.561730e-01 4.438270e-01 5.409090e-01 4.590910e-01
18 1.161454e-299 5.000352e-01 4.999648e-01 4.999661e-01 5.000339e-01 5.566182e-01 4.433818e-01 5.404629e-01 4.595371e-01
19 1.162384e-299 5.000465e-01 4.999535e-01 4.999552e-01 5.000448e-01 5.570631e-01 4.429369e-01 5.400171e-01 4.599829e-01
20 1.163314e-299 5.000595e-01 4.999405e-01 4.999424e-01 5.000576e-01 5.575077e-01 4.424923e-01 5.395716e-01 4.604284e-01
21 1.164244e-299 5.000744e-01 4.999256e-01 4.999278e-01 5.000722e-01 5.579521e-01 4.420479e-01 5.391265e-01 4.608735e-01
22 1.165175e-299 5.000913e-01 4.999087e-01 4.999112e-01 5.000888e-01 5.583961e-01 4.416039e-01 5.386816e-01 4.613184e-01
23 1.166106e-299 5.001104e-01 4.998896e-01 4.998925e-01 5.001075e-01 5.588399e-01 4.411601e-01 5.382369e-01 4.617631e-01
24 1.167038e-299 5.001318e-01 4.998682e-01 4.998715e-01 5.001285e-01 5.592834e-01 4.407166e-01 5.377925e-01 4.622075e-01
25 1.167970e-299 5.001555e-01 4.998445e-01 4.998481e-01 5.001519e-01 5.597267e-01 4.402733e-01 5.373484e-01 4.626516e-01
26 1.168905e-299 5.001818e-01 4.998182e-01 4.998223e-01 5.001777e-01 5.601698e-01 4.398302e-01 5.369044e-01 4.630956e-01
27 1.169841e-299 5.002107e-01 4.997893e-01 4.997939e-01 5.002061e-01 5.606127e-01 4.393873e-01 5.364606e-01 4.635394e-01
28 1.170779e-299 5.002424e-01 4.997576e-01 4.997628e-01 5.002373e-01 5.610555e-01 4.389445e-01 5.360170e-01 4.639830e-01
29 1.171720e-299 5.002769e-01 4.997231e-01 4.997288e-01 5.002712e-01 5.614981e-01 4.385019e-01 5.355734e-01 4.644266e-01
30 1.172664e-299 5.003145e-01 4.996856e-01 4.996919e-01 5.003082e-01 5.619407e-01 4.380593e-01 5.351300e-01 4.648700e-01
31 1.173611e-299 5.003551e-01 4.996449e-01 4.996519e-01 5.003482e-01 5.623833e-01 4.376167e-01 5.346865e-01 4.653135e-01
32 1.174563e-299 5.003990e-01 4.996011e-01 4.996087e-01 5.003914e-01 5.628259e-01 4.371741e-01 5.342431e-01 4.657569e-01
33 1.175519e-299 5.004462e-01 4.995538e-01 4.995622e-01 5.004379e-01 5.632685e-01 4.367315e-01 5.337996e-01 4.662004e-01
34 1.176481e-299 5.004970e-01 4.995031e-01 4.995123e-01 5.004878e-01 5.637113e-01 4.362887e-01 5.333559e-01 4.666441e-01
35 1.177449e-299 5.005513e-01 4.994488e-01 4.994588e-01 5.005413e-01 5.641542e-01 4.358458e-01 5.329122e-01 4.670878e-01
36 1.178423e-299 5.006093e-01 4.993908e-01 4.994017e-01 5.005985e-01 5.645973e-01 4.354027e-01 5.324682e-01 4.675318e-01
37 1.179405e-299 5.006712e-01 4.993289e-01 4.993407e-01 5.006594e-01 5.650407e-01 4.349593e-01 5.320239e-01 4.679761e-01
38 1.180396e-299 5.007371e-01 4.992631e-01 4.992759e-01 5.007243e-01 5.654844e-01 4.345156e-01 5.315793e-01 4.684207e-01
39 1.181396e-299 5.008070e-01 4.991932e-01 4.992070e-01 5.007932e-01 5.659286e-01 4.340714e-01 5.311342e-01 4.688658e-01
40 1.182406e-299 5.008812e-01 4.991190e-01 4.991340e-01 5.008662e-01 5.663732e-01 4.336268e-01 5.306887e-01 4.693113e-01
41 1.183428e-299 5.009597e-01 4.990406e-01 4.990567e-01 5.009436e-01 5.668184e-01 4.331816e-01 5.302426e-01 4.697574e-01
42 1.184462e-299 5.010427e-01 4.989576e-01 4.989750e-01 5.010253e-01 5.672643e-01 4.327357e-01 5.297959e-01 4.702041e-01
43 1.185509e-299 5.011303e-01 4.988701e-01 4.988887e-01 5.011116e-01 5.677108e-01 4.322892e-01 5.293484e-01 4.706516e-01
44 1.186572e-299 5.012226e-01 4.987778e-01 4.987978e-01 5.012026e-01 5.681582e-01 4.318418e-01 5.289001e-01 4.710999e-01
45 1.187651e-299 5.013198e-01 4.986807e-01 4.987021e-01 5.012983e-01 5.686065e-01 4.313935e-01 5.284508e-01 4.715492e-01
46 1.188748e-299 5.014220e-01 4.985786e-01 4.986015e-01 5.013990e-01 5.690559e-01 4.309441e-01 5.280005e-01 4.719995e-01
47 1.189864e-299 5.015293e-01 4.984714e-01 4.984958e-01 5.015047e-01 5.695064e-01 4.304936e-01 5.275491e-01 4.724509e-01
48 1.191001e-299 5.016418e-01 4.983589e-01 4.983850e-01 5.016157e-01 5.699581e-01 4.300419e-01 5.270964e-01 4.729036e-01
49 1.192160e-299 5.017598e-01 4.982410e-01 4.982688e-01 5.017319e-01 5.704112e-01 4.295888e-01 5.266424e-01 4.733576e-01
50 1.193344e-299 5.018833e-01 4.981176e-01 4.981472e-01 5.018536e-01 5.708658e-01 4.291342e-01 5.261868e-01 4.738132e-01
51 1.194554e-299 5.020125e-01 4.979885e-01 4.980200e-01 5.019809e-01 5.713221e-01 4.286779e-01 5.257296e-01 4.742704e-01
52 1.195792e-299 5.021476e-01 4.978535e-01 4.978870e-01 5.021140e-01 5.717801e-01 4.282199e-01 5.252706e-01 4.747294e-01
53 1.197061e-299 5.022886e-01 4.977126e-01 4.977481e-01 5.022530e-01 5.722400e-01 4.277600e-01 5.248097e-01 4.751903e-01
54 1.198363e-299 5.024358e-01 4.975656e-01 4.976032e-01 5.023980e-01 5.727020e-01 4.272980e-01 5.243467e-01 4.756533e-01
55 1.199700e-299 5.025893e-01 4.974123e-01 4.974521e-01 5.025492e-01 5.731662e-01 4.268338e-01 5.238815e-01 4.761185e-01
56 1.201075e-299 5.027492e-01 4.972525e-01 4.972947e-01 5.027068e-01 5.736329e-01 4.263671e-01 5.234138e-01 4.765862e-01
57 1.202491e-299 5.029158e-01 4.970861e-01 4.971307e-01 5.028709e-01 5.741021e-01 4.258979e-01 5.229435e-01 4.770565e-01
58 1.203951e-299 5.030892e-01 4.969129e-01 4.969601e-01 5.030417e-01 5.745741e-01 4.254259e-01 5.224704e-01 4.775296e-01
59 1.205457e-299 5.032695e-01 4.967328e-01 4.967826e-01 5.032194e-01 5.750491e-01 4.249509e-01 5.219944e-01 4.780056e-01
60 1.207014e-299 5.034570e-01 4.965456e-01 4.965981e-01 5.034041e-01 5.755272e-01 4.244728e-01 5.215151e-01 4.784849e-01
61 1.208625e-299 5.036519e-01 4.963510e-01 4.964064e-01 5.035960e-01 5.760088e-01 4.239912e-01 5.210325e-01 4.789675e-01
62 1.210293e-299 5.038542e-01 4.961489e-01 4.962073e-01 5.037954e-01 5.764939e-01 4.235061e-01 5.205462e-01 4.794538e-01
63 1.212024e-299 5.040643e-01 4.959391e-01 4.960006e-01 5.040023e-01 5.769829e-01 4.230171e-01 5.200560e-01 4.799440e-01
64 1.213820e-299 5.042823e-01 4.957214e-01 4.957862e-01 5.042170e-01 5.774761e-01 4.225239e-01 5.195618e-01 4.804382e-01
65 1.215688e-299 5.045085e-01 4.954956e-01 4.955637e-01 5.044398e-01 5.779735e-01 4.220265e-01 5.190631e-01 4.809369e-01
66 1.217632e-299 5.047430e-01 4.952615e-01 4.953331e-01 5.046707e-01 5.784756e-01 4.215244e-01 5.185598e-01 4.814402e-01
67 1.219657e-299 5.049861e-01 4.950188e-01 4.950940e-01 5.049102e-01 5.789827e-01 4.210173e-01 5.180515e-01 4.819485e-01
68 1.221770e-299 5.052381e-01 4.947673e-01 4.948463e-01 5.051582e-01 5.794949e-01 4.205051e-01 5.175379e-01 4.824621e-01
69 1.223976e-299 5.054991e-01 4.945067e-01 4.945897e-01 5.054152e-01 5.800127e-01 4.199873e-01 5.170188e-01 4.829812e-01
70 1.226283e-299 5.057695e-01 4.942369e-01 4.943239e-01 5.056814e-01 5.805364e-01 4.194636e-01 5.164938e-01 4.835062e-01
71 1.228697e-299 5.060494e-01 4.939574e-01 4.940488e-01 5.059570e-01 5.810663e-01 4.189337e-01 5.159626e-01 4.840374e-01
72 1.231226e-299 5.063393e-01 4.936682e-01 4.937640e-01 5.062424e-01 5.816028e-01 4.183972e-01 5.154247e-01 4.845753e-01
73 1.233880e-299 5.066393e-01 4.933688e-01 4.934692e-01 5.065377e-01 5.821462e-01 4.178538e-01 5.148798e-01 4.851202e-01
74 1.236666e-299 5.069498e-01 4.930590e-01 4.931642e-01 5.068433e-01 5.826970e-01 4.173030e-01 5.143275e-01 4.856725e-01
75 1.239596e-299 5.072712e-01 4.927384e-01 4.928486e-01 5.071595e-01 5.832556e-01 4.167444e-01 5.137674e-01 4.862326e-01
76 1.242678e-299 5.076036e-01 4.924067e-01 4.925221e-01 5.074866e-01 5.838225e-01 4.161775e-01 5.131989e-01 4.868011e-01
77 1.245927e-299 5.079476e-01 4.920636e-01 4.921844e-01 5.078250e-01 5.843980e-01 4.156020e-01 5.126218e-01 4.873782e-01
78 1.249353e-299 5.083034e-01 4.917087e-01 4.918351e-01 5.081750e-01 5.849828e-01 4.150172e-01 5.120353e-01 4.879647e-01
79 1.252971e-299 5.086715e-01 4.913416e-01 4.914738e-01 5.085371e-01 5.855773e-01 4.144227e-01 5.114391e-01 4.885609e-01
80 1.256796e-299 5.090522e-01 4.909619e-01 4.911002e-01 5.089116e-01 5.861821e-01 4.138179e-01 5.108325e-01 4.891675e-01
81 1.260844e-299 5.094461e-01 4.905692e-01 4.907138e-01 5.092989e-01 5.867978e-01 4.132022e-01 5.102150e-01 4.897850e-01
82 1.265133e-299 5.098535e-01 4.901630e-01 4.903142e-01 5.096994e-01 5.874249e-01 4.125751e-01 5.095859e-01 4.904141e-01
83 1.269684e-299 5.102749e-01 4.897429e-01 4.899009e-01 5.101138e-01 5.880642e-01 4.119358e-01 5.089446e-01 4.910554e-01
84 1.274517e-299 5.107109e-01 4.893084e-01 4.894735e-01 5.105423e-01 5.887163e-01 4.112837e-01 5.082905e-01 4.917095e-01
85 1.279657e-299 5.111620e-01 4.888588e-01 4.890314e-01 5.109857e-01 5.893820e-01 4.106180e-01 5.076227e-01 4.923773e-01
86 1.285129e-299 5.116287e-01 4.883937e-01 4.885741e-01 5.114443e-01 5.900619e-01 4.099381e-01 5.069405e-01 4.930595e-01
87 1.290964e-299 5.121117e-01 4.879125e-01 4.881009e-01 5.119189e-01 5.907571e-01 4.092429e-01 5.062431e-01 4.937569e-01
88 1.297192e-299 5.126116e-01 4.874146e-01 4.876114e-01 5.124099e-01 5.914682e-01 4.085318e-01 5.055295e-01 4.944705e-01
89 1.303850e-299 5.131290e-01 4.868992e-01 4.871048e-01 5.129182e-01 5.921963e-01 4.078037e-01 5.047989e-01 4.952011e-01
90 1.310978e-299 5.136648e-01 4.863657e-01 4.865804e-01 5.134443e-01 5.929423e-01 4.070577e-01 5.040503e-01 4.959497e-01
91 1.318618e-299 5.142196e-01 4.858133e-01 4.860375e-01 5.139890e-01 5.937072e-01 4.062928e-01 5.032826e-01 4.967174e-01
92 1.326822e-299 5.147942e-01 4.852412e-01 4.854754e-01 5.145532e-01 5.944923e-01 4.055077e-01 5.024947e-01 4.975053e-01
93 1.335643e-299 5.153897e-01 4.846485e-01 4.848932e-01 5.151376e-01 5.952986e-01 4.047014e-01 5.016853e-01 4.983147e-01
94 1.345143e-299 5.160068e-01 4.840345e-01 4.842900e-01 5.157432e-01 5.961275e-01 4.038725e-01 5.008533e-01 4.991467e-01
95 1.355393e-299 5.166465e-01 4.833979e-01 4.836649e-01 5.163708e-01 5.969802e-01 4.030198e-01 4.999972e-01 5.000028e-01
96 1.366471e-299 5.173101e-01 4.827379e-01 4.830168e-01 5.170217e-01 5.978583e-01 4.021417e-01 4.991156e-01 5.008844e-01
97 1.378465e-299 5.179984e-01 4.820534e-01 4.823447e-01 5.176967e-01 5.987633e-01 4.012367e-01 4.982070e-01 5.017930e-01
98 1.391478e-299 5.187129e-01 4.813430e-01 4.816474e-01 5.183972e-01 5.996969e-01 4.003031e-01 4.972695e-01 5.027305e-01
99 1.405623e-299 5.194548e-01 4.806057e-01 4.809237e-01 5.191244e-01 6.006608e-01 3.993392e-01 4.963015e-01 5.036985e-01
100 1.421033e-299 5.202254e-01 4.798399e-01 4.801723e-01 5.198796e-01 6.016571e-01 3.983429e-01 4.953009e-01 5.046991e-01
101 1.437859e-299 5.210264e-01 4.790442e-01 4.793917e-01 5.206643e-01 6.026876e-01 3.973124e-01 4.942657e-01 5.057343e-01
102 1.456274e-299 5.218594e-01 4.782170e-01 4.785804e-01 5.214801e-01 6.037548e-01 3.962452e-01 4.931936e-01 5.068064e-01
103 1.476480e-299 5.227260e-01 4.773566e-01 4.777367e-01 5.223286e-01 6.048610e-01 3.951390e-01 4.920823e-01 5.079177e-01
104 1.498711e-299 5.236282e-01 4.764613e-01 4.768589e-01 5.232117e-01 6.060088e-01 3.939912e-01 4.909290e-01 5.090710e-01
105 1.523239e-299 5.245680e-01 4.755289e-01 4.759450e-01 5.241314e-01 6.072010e-01 3.927990e-01 4.897309e-01 5.102691e-01
106 1.550386e-299 5.255477e-01 4.745573e-01 4.749929e-01 5.250898e-01 6.084406e-01 3.915594e-01 4.884849e-01 5.115151e-01
107 1.580527e-299 5.265697e-01 4.735443e-01 4.740004e-01 5.260891e-01 6.097311e-01 3.902689e-01 4.871877e-01 5.128123e-01
108 1.614111e-299 5.276366e-01 4.724872e-01 4.729651e-01 5.271320e-01 6.110759e-01 3.889241e-01 4.858356e-01 5.141644e-01
109 1.651673e-299 5.287512e-01 4.713833e-01 4.718843e-01 5.282211e-01 6.124790e-01 3.875210e-01 4.844247e-01 5.155753e-01
110 1.693853e-299 5.299166e-01 4.702298e-01 4.707551e-01 5.293594e-01 6.139446e-01 3.860554e-01 4.829507e-01 5.170493e-01
111 1.741426e-299 5.311362e-01 4.690232e-01 4.695744e-01 5.305501e-01 6.154775e-01 3.845225e-01 4.814087e-01 5.185913e-01
112 1.795337e-299 5.324137e-01 4.677600e-01 4.683388e-01 5.317968e-01 6.170826e-01 3.829174e-01 4.797938e-01 5.202062e-01
113 1.856745e-299 5.337531e-01 4.664365e-01 4.670445e-01 5.331033e-01 6.187656e-01 3.812344e-01 4.781001e-01 5.218999e-01
114 1.927085e-299 5.351588e-01 4.650483e-01 4.656876e-01 5.344738e-01 6.205325e-01 3.794675e-01 4.763215e-01 5.236785e-01
115 2.008153e-299 5.366358e-01 4.635909e-01 4.642635e-01 5.359129e-01 6.223901e-01 3.776099e-01 4.744513e-01 5.255487e-01
116 2.102213e-299 5.381893e-01 4.620591e-01 4.627673e-01 5.374258e-01 6.243456e-01 3.756544e-01 4.724818e-01 5.275182e-01
117 2.212158e-299 5.398251e-01 4.604474e-01 4.611938e-01 5.390179e-01 6.264072e-01 3.735928e-01 4.704050e-01 5.295950e-01
118 2.341725e-299 5.415499e-01 4.587496e-01 4.595370e-01 5.406954e-01 6.285838e-01 3.714162e-01 4.682115e-01 5.317885e-01
119 2.495803e-299 5.433707e-01 4.569591e-01 4.577905e-01 5.424651e-01 6.308853e-01 3.691147e-01 4.658915e-01 5.341085e-01
120 2.680885e-299 5.452954e-01 4.550683e-01 4.559473e-01 5.443343e-01 6.333224e-01 3.666776e-01 4.634337e-01 5.365663e-01
121 2.905724e-299 5.473327e-01 4.530691e-01 4.539995e-01 5.463114e-01 6.359072e-01 3.640928e-01 4.608259e-01 5.391741e-01
122 3.182327e-299 5.494924e-01 4.509524e-01 4.519385e-01 5.484054e-01 6.386530e-01 3.613470e-01 4.580544e-01 5.419456e-01
123 3.527474e-299 5.517851e-01 4.487083e-01 4.497549e-01 5.506262e-01 6.415743e-01 3.584257e-01 4.551042e-01 5.448958e-01
124 3.965116e-299 5.542227e-01 4.463257e-01 4.474382e-01 5.529850e-01 6.446876e-01 3.553124e-01 4.519583e-01 5.480417e-01
125 4.530222e-299 5.568184e-01 4.437925e-01 4.449770e-01 5.554940e-01 6.480106e-01 3.519894e-01 4.485984e-01 5.514016e-01
126 5.275176e-299 5.595868e-01 4.410954e-01 4.423588e-01 5.581666e-01 6.515631e-01 3.484369e-01 4.450038e-01 5.549962e-01
127 6.280700e-299 5.625438e-01 4.382196e-01 4.395697e-01 5.610175e-01 6.553669e-01 3.446331e-01 4.411518e-01 5.588482e-01
128 7.675169e-299 5.657072e-01 4.351492e-01 4.365948e-01 5.640630e-01 6.594456e-01 3.405544e-01 4.370176e-01 5.629824e-01
129 9.670043e-299 5.690964e-01 4.318666e-01 4.334179e-01 5.673206e-01 6.638252e-01 3.361748e-01 4.325738e-01 5.674262e-01
130 1.262757e-298 5.727323e-01 4.283531e-01 4.300214e-01 5.708092e-01 6.685335e-01 3.314665e-01 4.277907e-01 5.722093e-01
131 1.719607e-298 5.766376e-01 4.245885e-01 4.263870e-01 5.745491e-01 6.736003e-01 3.263997e-01 4.226365e-01 5.773635e-01
132 2.459379e-298 5.808361e-01 4.205517e-01 4.224954e-01 5.785613e-01 6.790564e-01 3.209436e-01 4.170775e-01 5.829225e-01
133 3.723708e-298 5.853524e-01 4.162212e-01 4.183271e-01 5.828671e-01 6.849334e-01 3.150666e-01 4.110786e-01 5.889214e-01
134 6.021325e-298 5.902110e-01 4.115757e-01 4.138631e-01 5.874873e-01 6.912620e-01 3.087380e-01 4.046051e-01 5.953949e-01
135 1.049519e-297 5.954347e-01 4.065956e-01 4.090863e-01 5.924409e-01 6.980701e-01 3.019299e-01 3.976239e-01 6.023761e-01
136 1.989817e-297 6.010426e-01 4.012644e-01 4.039827e-01 5.977426e-01 7.053797e-01 2.946203e-01 3.901069e-01 6.098931e-01
137 4.135754e-297 6.070468e-01 3.955718e-01 3.985443e-01 6.034003e-01 7.132034e-01 2.867966e-01 3.820342e-01 6.179658e-01
138 9.469502e-297 6.134484e-01 3.895165e-01 3.927718e-01 6.094114e-01 7.215387e-01 2.784613e-01 3.734003e-01 6.265997e-01
139 2.387404e-296 6.202321e-01 3.831107e-01 3.866784e-01 6.157580e-01 7.303620e-01 2.696380e-01 3.642198e-01 6.357802e-01
140 6.569619e-296 6.273603e-01 3.763844e-01 3.802938e-01 6.224018e-01 7.396218e-01 2.603782e-01 3.545358e-01 6.454642e-01
141 1.933744e-295 6.347666e-01 3.693907e-01 3.736683e-01 6.292795e-01 7.492324e-01 2.507676e-01 3.444274e-01 6.555726e-01
142 5.885320e-295 6.423522e-01 3.622086e-01 3.668757e-01 6.362995e-01 7.590698e-01 2.409302e-01 3.340152e-01 6.659848e-01
143 1.765781e-294 6.499846e-01 3.549440e-01 3.600132e-01 6.433423e-01 7.689728e-01 2.310272e-01 3.234636e-01 6.765364e-01
144 4.929440e-294 6.575043e-01 3.477263e-01 3.531985e-01 6.502667e-01 7.787507e-01 2.212493e-01 3.129752e-01 6.870248e-01
145 1.206001e-293 6.647372e-01 3.406993e-01 3.465614e-01 6.569216e-01 7.881984e-01 2.118016e-01 3.027763e-01 6.972237e-01
146 2.457476e-293 6.715145e-01 3.340079e-01 3.402318e-01 6.631637e-01 7.971180e-01 2.028820e-01 2.930959e-01 7.069041e-01
147 4.043002e-293 6.776942e-01 3.277823e-01 3.343262e-01 6.688750e-01 8.053409e-01 1.946591e-01 2.841389e-01 7.158611e-01
148 5.343342e-293 6.831779e-01 3.221240e-01 3.289350e-01 6.739778e-01 8.127462e-01 1.872538e-01 2.760636e-01 7.239364e-01
149 5.790491e-293 6.879199e-01 3.170961e-01 3.241148e-01 6.784404e-01 8.192699e-01 1.807301e-01 2.689666e-01 7.310334e-01
150 5.350059e-293 6.919247e-01 3.127218e-01 3.198859e-01 6.822740e-01 8.249036e-01 1.750964e-01 2.628798e-01 7.371202e-01
